<?xml version="1.0" encoding="UTF-8"?>
<!-- Generated by org.testng.reporters.JUnitReportReporter -->
<testsuite hostname="DESKTOP-B3QEOQ7" failures="0" tests="3" name="com.crm.qa.testcases.LoginPageTest" time="19.153" errors="0" timestamp="01 Feb. 2023 21:43:05 GMT" skipped="0">
  <testcase classname="com.crm.qa.testcases.LoginPageTest" name="loginPageTitleTest" time="6.435"/>
  <testcase classname="com.crm.qa.testcases.LoginPageTest" name="crmLogoImageTest" time="6.374"/>
  <testcase classname="com.crm.qa.testcases.LoginPageTest" name="loginTest" time="6.344"/>
</testsuite> <!-- com.crm.qa.testcases.LoginPageTest -->
