<?xml version="1.0" encoding="UTF-8"?>
<!-- Generated by org.testng.reporters.JUnitReportReporter -->
<testsuite hostname="DESKTOP-B3QEOQ7" failures="0" tests="1" name="com.crm.qa.testdata.LoginPageTest" time="6.607" errors="0" timestamp="28 Jan. 2023 21:46:00 GMT" skipped="0">
  <testcase classname="com.crm.qa.testdata.LoginPageTest" name="loginPageTitleTest" time="6.607"/>
</testsuite> <!-- com.crm.qa.testdata.LoginPageTest -->
