<?xml version="1.0" encoding="UTF-8"?>
<!-- Generated by org.testng.reporters.JUnitReportReporter -->
<testsuite hostname="DESKTOP-B3QEOQ7" failures="0" tests="1" name="com.crm.qa.testdata.ContactsPageTest" time="29.504" errors="0" timestamp="28 Jan. 2023 21:46:00 GMT" skipped="0">
  <testcase classname="com.crm.qa.testdata.ContactsPageTest" name="verifyContactsPageLabel" time="29.504"/>
</testsuite> <!-- com.crm.qa.testdata.ContactsPageTest -->
