<?xml version="1.0" encoding="UTF-8"?>
<!-- Generated by org.testng.reporters.JUnitReportReporter -->
<testsuite hostname="DESKTOP-B3QEOQ7" failures="0" tests="3" name="com.crm.qa.testdata.HomePageTest" time="69.545" errors="0" timestamp="26 Jan. 2023 01:18:18 GMT" skipped="0">
  <testcase classname="com.crm.qa.testdata.HomePageTest" name="verifyHomePageTitleTest" time="20.652"/>
  <testcase classname="com.crm.qa.testdata.HomePageTest" name="verifyUserNameTest" time="24.680"/>
  <testcase classname="com.crm.qa.testdata.HomePageTest" name="verifyContactsLinkTest" time="24.213"/>
</testsuite> <!-- com.crm.qa.testdata.HomePageTest -->
