<?xml version="1.0" encoding="UTF-8"?>
<!-- Generated by org.testng.reporters.JUnitReportReporter -->
<testsuite hostname="DESKTOP-B3QEOQ7" failures="0" tests="3" name="com.crm.qa.testcases.HomePageTest" time="45.182" errors="0" timestamp="01 Feb. 2023 21:43:05 GMT" skipped="0">
  <testcase classname="com.crm.qa.testcases.HomePageTest" name="verifyHomePageTitleTest" time="14.415"/>
  <testcase classname="com.crm.qa.testcases.HomePageTest" name="verifyUserNameTest" time="14.873"/>
  <testcase classname="com.crm.qa.testcases.HomePageTest" name="verifyContactsLinkTest" time="15.894"/>
</testsuite> <!-- com.crm.qa.testcases.HomePageTest -->
